<?xml version="1.0" encoding="UTF-8"?>
<testng-results ignored="0" total="3" passed="3" failed="0" skipped="0">
  <reporter-output>
  </reporter-output>
  <suite started-at="2021-07-14T14:23:55 IST" name="Default suite" finished-at="2021-07-14T14:24:06 IST" duration-ms="10469">
    <groups>
    </groups>
    <test started-at="2021-07-14T14:23:55 IST" name="Default test" finished-at="2021-07-14T14:24:06 IST" duration-ms="10469">
      <class name="Day5.Assertions">
        <test-method signature="Launch()[pri:0, instance:Day5.Assertions@2bbf180e]" started-at="2021-07-14T14:23:55 IST" name="Launch" finished-at="2021-07-14T14:23:59 IST" duration-ms="4128" status="PASS">
          <reporter-output>
          </reporter-output>
        </test-method> <!-- Launch -->
        <test-method signature="Facebook()[pri:0, instance:Day5.Assertions@2bbf180e]" started-at="2021-07-14T14:23:59 IST" name="Facebook" finished-at="2021-07-14T14:24:02 IST" depends-on-methods="Day5.Assertions.Launch" duration-ms="3105" status="PASS">
          <reporter-output>
          </reporter-output>
        </test-method> <!-- Facebook -->
        <test-method signature="Login()[pri:0, instance:Day5.Assertions@2bbf180e]" started-at="2021-07-14T14:24:02 IST" name="Login" finished-at="2021-07-14T14:24:06 IST" depends-on-methods="Day5.Assertions.Facebook" duration-ms="3203" status="PASS">
          <reporter-output>
          </reporter-output>
        </test-method> <!-- Login -->
      </class> <!-- Day5.Assertions -->
    </test> <!-- Default test -->
  </suite> <!-- Default suite -->
</testng-results>
