<?xml version="1.0" encoding="UTF-8"?>
<testng-results ignored="0" total="1" passed="1" failed="0" skipped="0">
  <reporter-output>
  </reporter-output>
  <suite started-at="2021-07-12T17:37:41 IST" name="Default suite" finished-at="2021-07-12T17:37:48 IST" duration-ms="6304">
    <groups>
    </groups>
    <test started-at="2021-07-12T17:37:41 IST" name="Default test" finished-at="2021-07-12T17:37:48 IST" duration-ms="6304">
      <class name="Day3.NewTest">
        <test-method is-config="true" signature="beforeMethod()[pri:0, instance:Day3.NewTest@1e802ef9]" started-at="2021-07-12T17:37:41 IST" name="beforeMethod" finished-at="2021-07-12T17:37:41 IST" duration-ms="4" status="PASS">
          <reporter-output>
          </reporter-output>
        </test-method> <!-- beforeMethod -->
        <test-method signature="f()[pri:0, instance:Day3.NewTest@1e802ef9]" started-at="2021-07-12T17:37:41 IST" name="f" finished-at="2021-07-12T17:37:47 IST" duration-ms="5802" status="PASS">
          <reporter-output>
          </reporter-output>
        </test-method> <!-- f -->
        <test-method is-config="true" signature="afterMethod()[pri:0, instance:Day3.NewTest@1e802ef9]" started-at="2021-07-12T17:37:47 IST" name="afterMethod" finished-at="2021-07-12T17:37:48 IST" duration-ms="468" status="PASS">
          <reporter-output>
          </reporter-output>
        </test-method> <!-- afterMethod -->
      </class> <!-- Day3.NewTest -->
    </test> <!-- Default test -->
  </suite> <!-- Default suite -->
</testng-results>
